2016/05/22 12:48:38 [error] [exception.CDbException] CDbException: CDbConnection failed to open the DB connection: SQLSTATE[HY000] [14] unable to open database file in D:\xampp\htdocs\blogdemo\protected\framework\db\CDbConnection.php:399
Stack trace:
#0 D:\xampp\htdocs\blogdemo\protected\framework\db\CDbConnection.php(347): CDbConnection->open()
#1 D:\xampp\htdocs\blogdemo\protected\framework\db\CDbConnection.php(325): CDbConnection->setActive(true)
#2 D:\xampp\htdocs\blogdemo\protected\framework\base\CModule.php(394): CDbConnection->init()
#3 D:\xampp\htdocs\blogdemo\protected\framework\base\CApplication.php(459): CModule->getComponent('db')
#4 D:\xampp\htdocs\blogdemo\protected\framework\db\ar\CActiveRecord.php(637): CApplication->getDb()
#5 D:\xampp\htdocs\blogdemo\protected\framework\db\ar\CActiveRecord.php(670): CActiveRecord->getDbConnection()
#6 D:\xampp\htdocs\blogdemo\protected\framework\db\ar\CActiveRecord.php(1601): CActiveRecord->getCommandBuilder()
#7 D:\xampp\htdocs\blogdemo\protected\framework\web\CActiveDataProvider.php(228): CActiveRecord->count(Object(CDbCriteria))
#8 D:\xampp\htdocs\blogdemo\protected\framework\web\CDataProvider.php(224): CActiveDataProvider->calculateTotalItemCount()
#9 D:\xampp\htdocs\blogdemo\protected\framework\web\CActiveDataProvider.php(178): CDataProvider->getTotalItemCount()
#10 D:\xampp\htdocs\blogdemo\protected\framework\web\CDataProvider.php(168): CActiveDataProvider->fetchData()
#11 D:\xampp\htdocs\blogdemo\protected\framework\zii\widgets\CBaseListView.php(125): CDataProvider->getData()
#12 D:\xampp\htdocs\blogdemo\protected\framework\zii\widgets\CListView.php(211): CBaseListView->init()
#13 D:\xampp\htdocs\blogdemo\protected\framework\web\CBaseController.php(147): CListView->init()
#14 D:\xampp\htdocs\blogdemo\protected\framework\web\CBaseController.php(180): CBaseController->createWidget('zii.widgets.CLi...', Array)
#15 D:\xampp\htdocs\blogdemo\protected\views\post\index.php(8): CBaseController->widget('zii.widgets.CLi...', Array)
#16 D:\xampp\htdocs\blogdemo\protected\framework\web\CBaseController.php(126): require('D:\\xampp\\htdocs...')
#17 D:\xampp\htdocs\blogdemo\protected\framework\web\CBaseController.php(95): CBaseController->renderInternal('D:\\xampp\\htdocs...', Array, true)
#18 D:\xampp\htdocs\blogdemo\protected\framework\web\CController.php(869): CBaseController->renderFile('D:\\xampp\\htdocs...', Array, true)
#19 D:\xampp\htdocs\blogdemo\protected\framework\web\CController.php(782): CController->renderPartial('index', Array, true)
#20 D:\xampp\htdocs\blogdemo\protected\controllers\PostController.php(135): CController->render('index', Array)
#21 D:\xampp\htdocs\blogdemo\protected\framework\web\actions\CInlineAction.php(49): PostController->actionIndex()
#22 D:\xampp\htdocs\blogdemo\protected\framework\web\CController.php(308): CInlineAction->runWithParams(Array)
#23 D:\xampp\htdocs\blogdemo\protected\framework\web\filters\CFilterChain.php(133): CController->runAction(Object(CInlineAction))
#24 D:\xampp\htdocs\blogdemo\protected\framework\web\filters\CFilter.php(40): CFilterChain->run()
#25 D:\xampp\htdocs\blogdemo\protected\framework\web\CController.php(1145): CFilter->filter(Object(CFilterChain))
#26 D:\xampp\htdocs\blogdemo\protected\framework\web\filters\CInlineFilter.php(58): CController->filterAccessControl(Object(CFilterChain))
#27 D:\xampp\htdocs\blogdemo\protected\framework\web\filters\CFilterChain.php(130): CInlineFilter->filter(Object(CFilterChain))
#28 D:\xampp\htdocs\blogdemo\protected\framework\web\CController.php(291): CFilterChain->run()
#29 D:\xampp\htdocs\blogdemo\protected\framework\web\CController.php(265): CController->runActionWithFilters(Object(CInlineAction), Array)
#30 D:\xampp\htdocs\blogdemo\protected\framework\web\CWebApplication.php(282): CController->run('')
#31 D:\xampp\htdocs\blogdemo\protected\framework\web\CWebApplication.php(141): CWebApplication->runController('')
#32 D:\xampp\htdocs\blogdemo\protected\framework\base\CApplication.php(185): CWebApplication->processRequest()
#33 D:\xampp\htdocs\blogdemo\public\index.php(13): CApplication->run()
#34 {main}
REQUEST_URI=/blogdemo/public/
---
2016/05/22 12:49:15 [error] [exception.CException] CException: CAssetManager.basePath "D:\xampp\htdocs\blogdemo\public\assets" is invalid. Please make sure the directory exists and is writable by the Web server process. in D:\xampp\htdocs\blogdemo\protected\framework\web\CAssetManager.php:138
Stack trace:
#0 D:\xampp\htdocs\blogdemo\protected\framework\web\CAssetManager.php(123): CAssetManager->setBasePath('D:\\xampp\\htdocs...')
#1 D:\xampp\htdocs\blogdemo\protected\framework\web\CAssetManager.php(217): CAssetManager->getBasePath()
#2 D:\xampp\htdocs\blogdemo\protected\framework\zii\widgets\CListView.php(217): CAssetManager->publish('D:\\xampp\\htdocs...')
#3 D:\xampp\htdocs\blogdemo\protected\framework\web\CBaseController.php(147): CListView->init()
#4 D:\xampp\htdocs\blogdemo\protected\framework\web\CBaseController.php(180): CBaseController->createWidget('zii.widgets.CLi...', Array)
#5 D:\xampp\htdocs\blogdemo\protected\views\post\index.php(8): CBaseController->widget('zii.widgets.CLi...', Array)
#6 D:\xampp\htdocs\blogdemo\protected\framework\web\CBaseController.php(126): require('D:\\xampp\\htdocs...')
#7 D:\xampp\htdocs\blogdemo\protected\framework\web\CBaseController.php(95): CBaseController->renderInternal('D:\\xampp\\htdocs...', Array, true)
#8 D:\xampp\htdocs\blogdemo\protected\framework\web\CController.php(869): CBaseController->renderFile('D:\\xampp\\htdocs...', Array, true)
#9 D:\xampp\htdocs\blogdemo\protected\framework\web\CController.php(782): CController->renderPartial('index', Array, true)
#10 D:\xampp\htdocs\blogdemo\protected\controllers\PostController.php(135): CController->render('index', Array)
#11 D:\xampp\htdocs\blogdemo\protected\framework\web\actions\CInlineAction.php(49): PostController->actionIndex()
#12 D:\xampp\htdocs\blogdemo\protected\framework\web\CController.php(308): CInlineAction->runWithParams(Array)
#13 D:\xampp\htdocs\blogdemo\protected\framework\web\filters\CFilterChain.php(133): CController->runAction(Object(CInlineAction))
#14 D:\xampp\htdocs\blogdemo\protected\framework\web\filters\CFilter.php(40): CFilterChain->run()
#15 D:\xampp\htdocs\blogdemo\protected\framework\web\CController.php(1145): CFilter->filter(Object(CFilterChain))
#16 D:\xampp\htdocs\blogdemo\protected\framework\web\filters\CInlineFilter.php(58): CController->filterAccessControl(Object(CFilterChain))
#17 D:\xampp\htdocs\blogdemo\protected\framework\web\filters\CFilterChain.php(130): CInlineFilter->filter(Object(CFilterChain))
#18 D:\xampp\htdocs\blogdemo\protected\framework\web\CController.php(291): CFilterChain->run()
#19 D:\xampp\htdocs\blogdemo\protected\framework\web\CController.php(265): CController->runActionWithFilters(Object(CInlineAction), Array)
#20 D:\xampp\htdocs\blogdemo\protected\framework\web\CWebApplication.php(282): CController->run('')
#21 D:\xampp\htdocs\blogdemo\protected\framework\web\CWebApplication.php(141): CWebApplication->runController('')
#22 D:\xampp\htdocs\blogdemo\protected\framework\base\CApplication.php(185): CWebApplication->processRequest()
#23 D:\xampp\htdocs\blogdemo\public\index.php(13): CApplication->run()
#24 {main}
REQUEST_URI=/blogdemo/public/
---
